INFO - Root WebApplicationContext: initialization started
INFO - Refreshing Root WebApplicationContext: startup date [Sun Aug 21 04:08:54 GMT 2016]; root of context hierarchy
INFO - Registering annotated classes: [class com.dikzz.service.configuration.ApplicationConfiguration]
INFO - Application Service is being started
INFO - Root WebApplicationContext: initialization completed in 426 ms
INFO - FrameworkServlet 'dispatcher': initialization started
INFO - Refreshing WebApplicationContext for namespace 'dispatcher-servlet': startup date [Sun Aug 21 04:08:54 GMT 2016]; parent: Root WebApplicationContext
INFO - Registering annotated classes: [class com.dikzz.service.configuration.WebConfiguration]
INFO - Looking for @ControllerAdvice: WebApplicationContext for namespace 'dispatcher-servlet': startup date [Sun Aug 21 04:08:54 GMT 2016]; parent: Root WebApplicationContext
INFO - Mapped "{[/jobs],methods=[PUT],consumes=[text/plain]}" onto public void com.dikzz.service.endpoints.JobEndpoint.put(java.lang.String)
INFO - FrameworkServlet 'dispatcher': initialization completed in 647 ms
TRACE - Send data hello
ERROR - Cannot put 
javax.jms.JMSException: Could not create Transport. Reason: java.io.IOException: Transport not scheme specified: [localhost]
	at org.apache.activemq.util.JMSExceptionSupport.create(JMSExceptionSupport.java:35)
	at org.apache.activemq.ActiveMQConnectionFactory.createTransport(ActiveMQConnectionFactory.java:252)
	at org.apache.activemq.ActiveMQConnectionFactory.createActiveMQConnection(ActiveMQConnectionFactory.java:265)
	at org.apache.activemq.ActiveMQConnectionFactory.createActiveMQConnection(ActiveMQConnectionFactory.java:238)
	at org.apache.activemq.ActiveMQConnectionFactory.createConnection(ActiveMQConnectionFactory.java:184)
	at com.dikzz.service.endpoints.JobEndpoint.put(JobEndpoint.java:37)
	at sun.reflect.NativeMethodAccessorImpl.invoke0(Native Method)
	at sun.reflect.NativeMethodAccessorImpl.invoke(NativeMethodAccessorImpl.java:62)
	at sun.reflect.DelegatingMethodAccessorImpl.invoke(DelegatingMethodAccessorImpl.java:43)
	at java.lang.reflect.Method.invoke(Method.java:497)
	at org.springframework.web.method.support.InvocableHandlerMethod.doInvoke(InvocableHandlerMethod.java:221)
	at org.springframework.web.method.support.InvocableHandlerMethod.invokeForRequest(InvocableHandlerMethod.java:136)
	at org.springframework.web.servlet.mvc.method.annotation.ServletInvocableHandlerMethod.invokeAndHandle(ServletInvocableHandlerMethod.java:114)
	at org.springframework.web.servlet.mvc.method.annotation.RequestMappingHandlerAdapter.invokeHandlerMethod(RequestMappingHandlerAdapter.java:827)
	at org.springframework.web.servlet.mvc.method.annotation.RequestMappingHandlerAdapter.handleInternal(RequestMappingHandlerAdapter.java:738)
	at org.springframework.web.servlet.mvc.method.AbstractHandlerMethodAdapter.handle(AbstractHandlerMethodAdapter.java:85)
	at org.springframework.web.servlet.DispatcherServlet.doDispatch(DispatcherServlet.java:963)
	at org.springframework.web.servlet.DispatcherServlet.doService(DispatcherServlet.java:897)
	at org.springframework.web.servlet.FrameworkServlet.processRequest(FrameworkServlet.java:970)
	at org.springframework.web.servlet.FrameworkServlet.doPut(FrameworkServlet.java:883)
	at javax.servlet.http.HttpServlet.service(HttpServlet.java:710)
	at org.springframework.web.servlet.FrameworkServlet.service(FrameworkServlet.java:846)
	at javax.servlet.http.HttpServlet.service(HttpServlet.java:790)
	at org.eclipse.jetty.servlet.ServletHolder.handle(ServletHolder.java:812)
	at org.eclipse.jetty.servlet.ServletHandler.doHandle(ServletHandler.java:587)
	at org.eclipse.jetty.server.handler.ScopedHandler.handle(ScopedHandler.java:143)
	at org.eclipse.jetty.security.SecurityHandler.handle(SecurityHandler.java:577)
	at org.eclipse.jetty.server.session.SessionHandler.doHandle(SessionHandler.java:223)
	at org.eclipse.jetty.server.handler.ContextHandler.doHandle(ContextHandler.java:1127)
	at org.eclipse.jetty.servlet.ServletHandler.doScope(ServletHandler.java:515)
	at org.eclipse.jetty.server.session.SessionHandler.doScope(SessionHandler.java:185)
	at org.eclipse.jetty.server.handler.ContextHandler.doScope(ContextHandler.java:1061)
	at org.eclipse.jetty.server.handler.ScopedHandler.handle(ScopedHandler.java:141)
	at org.eclipse.jetty.server.handler.ContextHandlerCollection.handle(ContextHandlerCollection.java:215)
	at org.eclipse.jetty.server.handler.HandlerWrapper.handle(HandlerWrapper.java:97)
	at org.eclipse.jetty.server.Server.handle(Server.java:499)
	at org.eclipse.jetty.server.HttpChannel.handle(HttpChannel.java:311)
	at org.eclipse.jetty.server.HttpConnection.onFillable(HttpConnection.java:257)
	at org.eclipse.jetty.io.AbstractConnection$2.run(AbstractConnection.java:544)
	at org.eclipse.jetty.util.thread.QueuedThreadPool.runJob(QueuedThreadPool.java:635)
	at org.eclipse.jetty.util.thread.QueuedThreadPool$3.run(QueuedThreadPool.java:555)
	at java.lang.Thread.run(Thread.java:745)
Caused by: java.io.IOException: Transport not scheme specified: [localhost]
	at org.apache.activemq.transport.TransportFactory.findTransportFactory(TransportFactory.java:187)
	at org.apache.activemq.transport.TransportFactory.connect(TransportFactory.java:66)
	at org.apache.activemq.ActiveMQConnectionFactory.createTransport(ActiveMQConnectionFactory.java:250)
	... 40 more
INFO - Root WebApplicationContext: initialization started
INFO - Refreshing Root WebApplicationContext: startup date [Sun Aug 21 04:22:50 GMT 2016]; root of context hierarchy
INFO - Registering annotated classes: [class com.dikzz.service.configuration.ApplicationConfiguration]
INFO - Application Service is being started
INFO - Root WebApplicationContext: initialization completed in 9376 ms
INFO - FrameworkServlet 'dispatcher': initialization started
INFO - Refreshing WebApplicationContext for namespace 'dispatcher-servlet': startup date [Sun Aug 21 04:23:00 GMT 2016]; parent: Root WebApplicationContext
INFO - Registering annotated classes: [class com.dikzz.service.configuration.WebConfiguration]
INFO - Mapped "{[/jobs],methods=[PUT],consumes=[text/plain]}" onto public void com.dikzz.service.endpoints.JobEndpoint.put(java.lang.String)
INFO - Looking for @ControllerAdvice: WebApplicationContext for namespace 'dispatcher-servlet': startup date [Sun Aug 21 04:23:00 GMT 2016]; parent: Root WebApplicationContext
INFO - FrameworkServlet 'dispatcher': initialization completed in 675 ms
TRACE - Send data hello
ERROR - Cannot put 
javax.jms.JMSException: Could not create Transport. Reason: java.io.IOException: Transport not scheme specified: [localhost]
	at org.apache.activemq.util.JMSExceptionSupport.create(JMSExceptionSupport.java:35)
	at org.apache.activemq.ActiveMQConnectionFactory.createTransport(ActiveMQConnectionFactory.java:252)
	at org.apache.activemq.ActiveMQConnectionFactory.createActiveMQConnection(ActiveMQConnectionFactory.java:265)
	at org.apache.activemq.ActiveMQConnectionFactory.createActiveMQConnection(ActiveMQConnectionFactory.java:238)
	at org.apache.activemq.ActiveMQConnectionFactory.createConnection(ActiveMQConnectionFactory.java:184)
	at com.dikzz.service.endpoints.JobEndpoint.put(JobEndpoint.java:37)
	at sun.reflect.NativeMethodAccessorImpl.invoke0(Native Method)
	at sun.reflect.NativeMethodAccessorImpl.invoke(NativeMethodAccessorImpl.java:62)
	at sun.reflect.DelegatingMethodAccessorImpl.invoke(DelegatingMethodAccessorImpl.java:43)
	at java.lang.reflect.Method.invoke(Method.java:497)
	at org.springframework.web.method.support.InvocableHandlerMethod.doInvoke(InvocableHandlerMethod.java:221)
	at org.springframework.web.method.support.InvocableHandlerMethod.invokeForRequest(InvocableHandlerMethod.java:136)
	at org.springframework.web.servlet.mvc.method.annotation.ServletInvocableHandlerMethod.invokeAndHandle(ServletInvocableHandlerMethod.java:114)
	at org.springframework.web.servlet.mvc.method.annotation.RequestMappingHandlerAdapter.invokeHandlerMethod(RequestMappingHandlerAdapter.java:827)
	at org.springframework.web.servlet.mvc.method.annotation.RequestMappingHandlerAdapter.handleInternal(RequestMappingHandlerAdapter.java:738)
	at org.springframework.web.servlet.mvc.method.AbstractHandlerMethodAdapter.handle(AbstractHandlerMethodAdapter.java:85)
	at org.springframework.web.servlet.DispatcherServlet.doDispatch(DispatcherServlet.java:963)
	at org.springframework.web.servlet.DispatcherServlet.doService(DispatcherServlet.java:897)
	at org.springframework.web.servlet.FrameworkServlet.processRequest(FrameworkServlet.java:970)
	at org.springframework.web.servlet.FrameworkServlet.doPut(FrameworkServlet.java:883)
	at javax.servlet.http.HttpServlet.service(HttpServlet.java:710)
	at org.springframework.web.servlet.FrameworkServlet.service(FrameworkServlet.java:846)
	at javax.servlet.http.HttpServlet.service(HttpServlet.java:790)
	at org.eclipse.jetty.servlet.ServletHolder.handle(ServletHolder.java:812)
	at org.eclipse.jetty.servlet.ServletHandler.doHandle(ServletHandler.java:587)
	at org.eclipse.jetty.server.handler.ScopedHandler.handle(ScopedHandler.java:143)
	at org.eclipse.jetty.security.SecurityHandler.handle(SecurityHandler.java:577)
	at org.eclipse.jetty.server.session.SessionHandler.doHandle(SessionHandler.java:223)
	at org.eclipse.jetty.server.handler.ContextHandler.doHandle(ContextHandler.java:1127)
	at org.eclipse.jetty.servlet.ServletHandler.doScope(ServletHandler.java:515)
	at org.eclipse.jetty.server.session.SessionHandler.doScope(SessionHandler.java:185)
	at org.eclipse.jetty.server.handler.ContextHandler.doScope(ContextHandler.java:1061)
	at org.eclipse.jetty.server.handler.ScopedHandler.handle(ScopedHandler.java:141)
	at org.eclipse.jetty.server.handler.ContextHandlerCollection.handle(ContextHandlerCollection.java:215)
	at org.eclipse.jetty.server.handler.HandlerWrapper.handle(HandlerWrapper.java:97)
	at org.eclipse.jetty.server.Server.handle(Server.java:499)
	at org.eclipse.jetty.server.HttpChannel.handle(HttpChannel.java:311)
	at org.eclipse.jetty.server.HttpConnection.onFillable(HttpConnection.java:257)
	at org.eclipse.jetty.io.AbstractConnection$2.run(AbstractConnection.java:544)
	at org.eclipse.jetty.util.thread.QueuedThreadPool.runJob(QueuedThreadPool.java:635)
	at org.eclipse.jetty.util.thread.QueuedThreadPool$3.run(QueuedThreadPool.java:555)
	at java.lang.Thread.run(Thread.java:745)
Caused by: java.io.IOException: Transport not scheme specified: [localhost]
	at org.apache.activemq.transport.TransportFactory.findTransportFactory(TransportFactory.java:187)
	at org.apache.activemq.transport.TransportFactory.connect(TransportFactory.java:66)
	at org.apache.activemq.ActiveMQConnectionFactory.createTransport(ActiveMQConnectionFactory.java:250)
	... 40 more
INFO - Closing WebApplicationContext for namespace 'dispatcher-servlet': startup date [Sun Aug 21 04:23:00 GMT 2016]; parent: Root WebApplicationContext
INFO - Closing Root WebApplicationContext: startup date [Sun Aug 21 04:22:50 GMT 2016]; root of context hierarchy
INFO - Root WebApplicationContext: initialization started
INFO - Refreshing Root WebApplicationContext: startup date [Sun Aug 21 04:24:14 GMT 2016]; root of context hierarchy
INFO - Registering annotated classes: [class com.dikzz.service.configuration.ApplicationConfiguration]
INFO - Application Service is being started
INFO - Root WebApplicationContext: initialization completed in 677 ms
INFO - FrameworkServlet 'dispatcher': initialization started
INFO - Refreshing WebApplicationContext for namespace 'dispatcher-servlet': startup date [Sun Aug 21 04:24:15 GMT 2016]; parent: Root WebApplicationContext
INFO - Registering annotated classes: [class com.dikzz.service.configuration.WebConfiguration]
INFO - Mapped "{[/jobs],methods=[PUT],consumes=[text/plain]}" onto public void com.dikzz.service.endpoints.JobEndpoint.put(java.lang.String)
INFO - Looking for @ControllerAdvice: WebApplicationContext for namespace 'dispatcher-servlet': startup date [Sun Aug 21 04:24:15 GMT 2016]; parent: Root WebApplicationContext
INFO - FrameworkServlet 'dispatcher': initialization completed in 1057 ms
INFO - Root WebApplicationContext: initialization started
INFO - Refreshing Root WebApplicationContext: startup date [Sun Aug 21 04:25:40 GMT 2016]; root of context hierarchy
INFO - Registering annotated classes: [class com.dikzz.service.configuration.ApplicationConfiguration]
INFO - Application Service is being started
INFO - Root WebApplicationContext: initialization completed in 92558 ms
INFO - FrameworkServlet 'dispatcher': initialization started
INFO - Refreshing WebApplicationContext for namespace 'dispatcher-servlet': startup date [Sun Aug 21 04:27:12 GMT 2016]; parent: Root WebApplicationContext
INFO - Registering annotated classes: [class com.dikzz.service.configuration.WebConfiguration]
INFO - Looking for @ControllerAdvice: WebApplicationContext for namespace 'dispatcher-servlet': startup date [Sun Aug 21 04:27:12 GMT 2016]; parent: Root WebApplicationContext
INFO - Mapped "{[/jobs],methods=[PUT],consumes=[text/plain]}" onto public void com.dikzz.service.endpoints.JobEndpoint.put(java.lang.String)
INFO - FrameworkServlet 'dispatcher': initialization completed in 685 ms
TRACE - Send data hello
ERROR - Cannot put 
javax.jms.JMSException: Could not create Transport. Reason: java.lang.IllegalArgumentException: Invalid connect parameters: {maximumConnections=1000}
	at org.apache.activemq.util.JMSExceptionSupport.create(JMSExceptionSupport.java:35)
	at org.apache.activemq.ActiveMQConnectionFactory.createTransport(ActiveMQConnectionFactory.java:252)
	at org.apache.activemq.ActiveMQConnectionFactory.createActiveMQConnection(ActiveMQConnectionFactory.java:265)
	at org.apache.activemq.ActiveMQConnectionFactory.createActiveMQConnection(ActiveMQConnectionFactory.java:238)
	at org.apache.activemq.ActiveMQConnectionFactory.createConnection(ActiveMQConnectionFactory.java:184)
	at com.dikzz.service.endpoints.JobEndpoint.put(JobEndpoint.java:37)
	at sun.reflect.NativeMethodAccessorImpl.invoke0(Native Method)
	at sun.reflect.NativeMethodAccessorImpl.invoke(NativeMethodAccessorImpl.java:62)
	at sun.reflect.DelegatingMethodAccessorImpl.invoke(DelegatingMethodAccessorImpl.java:43)
	at java.lang.reflect.Method.invoke(Method.java:497)
	at org.springframework.web.method.support.InvocableHandlerMethod.doInvoke(InvocableHandlerMethod.java:221)
	at org.springframework.web.method.support.InvocableHandlerMethod.invokeForRequest(InvocableHandlerMethod.java:136)
	at org.springframework.web.servlet.mvc.method.annotation.ServletInvocableHandlerMethod.invokeAndHandle(ServletInvocableHandlerMethod.java:114)
	at org.springframework.web.servlet.mvc.method.annotation.RequestMappingHandlerAdapter.invokeHandlerMethod(RequestMappingHandlerAdapter.java:827)
	at org.springframework.web.servlet.mvc.method.annotation.RequestMappingHandlerAdapter.handleInternal(RequestMappingHandlerAdapter.java:738)
	at org.springframework.web.servlet.mvc.method.AbstractHandlerMethodAdapter.handle(AbstractHandlerMethodAdapter.java:85)
	at org.springframework.web.servlet.DispatcherServlet.doDispatch(DispatcherServlet.java:963)
	at org.springframework.web.servlet.DispatcherServlet.doService(DispatcherServlet.java:897)
	at org.springframework.web.servlet.FrameworkServlet.processRequest(FrameworkServlet.java:970)
	at org.springframework.web.servlet.FrameworkServlet.doPut(FrameworkServlet.java:883)
	at javax.servlet.http.HttpServlet.service(HttpServlet.java:710)
	at org.springframework.web.servlet.FrameworkServlet.service(FrameworkServlet.java:846)
	at javax.servlet.http.HttpServlet.service(HttpServlet.java:790)
	at org.eclipse.jetty.servlet.ServletHolder.handle(ServletHolder.java:812)
	at org.eclipse.jetty.servlet.ServletHandler.doHandle(ServletHandler.java:587)
	at org.eclipse.jetty.server.handler.ScopedHandler.handle(ScopedHandler.java:143)
	at org.eclipse.jetty.security.SecurityHandler.handle(SecurityHandler.java:577)
	at org.eclipse.jetty.server.session.SessionHandler.doHandle(SessionHandler.java:223)
	at org.eclipse.jetty.server.handler.ContextHandler.doHandle(ContextHandler.java:1127)
	at org.eclipse.jetty.servlet.ServletHandler.doScope(ServletHandler.java:515)
	at org.eclipse.jetty.server.session.SessionHandler.doScope(SessionHandler.java:185)
	at org.eclipse.jetty.server.handler.ContextHandler.doScope(ContextHandler.java:1061)
	at org.eclipse.jetty.server.handler.ScopedHandler.handle(ScopedHandler.java:141)
	at org.eclipse.jetty.server.handler.ContextHandlerCollection.handle(ContextHandlerCollection.java:215)
	at org.eclipse.jetty.server.handler.HandlerWrapper.handle(HandlerWrapper.java:97)
	at org.eclipse.jetty.server.Server.handle(Server.java:499)
	at org.eclipse.jetty.server.HttpChannel.handle(HttpChannel.java:311)
	at org.eclipse.jetty.server.HttpConnection.onFillable(HttpConnection.java:257)
	at org.eclipse.jetty.io.AbstractConnection$2.run(AbstractConnection.java:544)
	at org.eclipse.jetty.util.thread.QueuedThreadPool.runJob(QueuedThreadPool.java:635)
	at org.eclipse.jetty.util.thread.QueuedThreadPool$3.run(QueuedThreadPool.java:555)
	at java.lang.Thread.run(Thread.java:745)
Caused by: java.lang.IllegalArgumentException: Invalid connect parameters: {maximumConnections=1000}
	at org.apache.activemq.transport.TransportFactory.doConnect(TransportFactory.java:137)
	at org.apache.activemq.transport.TransportFactory.connect(TransportFactory.java:67)
	at org.apache.activemq.ActiveMQConnectionFactory.createTransport(ActiveMQConnectionFactory.java:250)
	... 40 more
INFO - Closing WebApplicationContext for namespace 'dispatcher-servlet': startup date [Sun Aug 21 04:27:12 GMT 2016]; parent: Root WebApplicationContext
INFO - Closing Root WebApplicationContext: startup date [Sun Aug 21 04:25:40 GMT 2016]; root of context hierarchy
INFO - Root WebApplicationContext: initialization started
INFO - Refreshing Root WebApplicationContext: startup date [Sun Aug 21 04:27:57 GMT 2016]; root of context hierarchy
INFO - Registering annotated classes: [class com.dikzz.service.configuration.ApplicationConfiguration]
INFO - Application Service is being started
INFO - Root WebApplicationContext: initialization completed in 3224 ms
INFO - FrameworkServlet 'dispatcher': initialization started
INFO - Refreshing WebApplicationContext for namespace 'dispatcher-servlet': startup date [Sun Aug 21 04:28:01 GMT 2016]; parent: Root WebApplicationContext
INFO - Registering annotated classes: [class com.dikzz.service.configuration.WebConfiguration]
INFO - Looking for @ControllerAdvice: WebApplicationContext for namespace 'dispatcher-servlet': startup date [Sun Aug 21 04:28:01 GMT 2016]; parent: Root WebApplicationContext
INFO - Mapped "{[/jobs],methods=[PUT],consumes=[text/plain]}" onto public void com.dikzz.service.endpoints.JobEndpoint.put(java.lang.String)
INFO - FrameworkServlet 'dispatcher': initialization completed in 458 ms
INFO - Root WebApplicationContext: initialization started
INFO - Refreshing Root WebApplicationContext: startup date [Sun Aug 21 04:30:57 GMT 2016]; root of context hierarchy
INFO - Registering annotated classes: [class com.dikzz.service.configuration.ApplicationConfiguration]
INFO - Application Service is being started
INFO - Root WebApplicationContext: initialization completed in 5758 ms
INFO - FrameworkServlet 'dispatcher': initialization started
INFO - Refreshing WebApplicationContext for namespace 'dispatcher-servlet': startup date [Sun Aug 21 04:31:02 GMT 2016]; parent: Root WebApplicationContext
INFO - Registering annotated classes: [class com.dikzz.service.configuration.WebConfiguration]
INFO - Mapped "{[/jobs],methods=[PUT],consumes=[text/plain]}" onto public void com.dikzz.service.endpoints.JobEndpoint.put(java.lang.String)
INFO - Looking for @ControllerAdvice: WebApplicationContext for namespace 'dispatcher-servlet': startup date [Sun Aug 21 04:31:02 GMT 2016]; parent: Root WebApplicationContext
INFO - FrameworkServlet 'dispatcher': initialization completed in 731 ms
TRACE - Send data hello
TRACE - Send data hello
TRACE - Send data hello
ERROR - Cannot put 
javax.jms.JMSException: Could not connect to broker URL: tcp://localhost:61616. Reason: java.net.ConnectException: Connection refused
	at org.apache.activemq.util.JMSExceptionSupport.create(JMSExceptionSupport.java:35)
	at org.apache.activemq.ActiveMQConnectionFactory.createActiveMQConnection(ActiveMQConnectionFactory.java:293)
	at org.apache.activemq.ActiveMQConnectionFactory.createActiveMQConnection(ActiveMQConnectionFactory.java:238)
	at org.apache.activemq.ActiveMQConnectionFactory.createConnection(ActiveMQConnectionFactory.java:184)
	at com.dikzz.service.endpoints.JobEndpoint.put(JobEndpoint.java:37)
	at sun.reflect.NativeMethodAccessorImpl.invoke0(Native Method)
	at sun.reflect.NativeMethodAccessorImpl.invoke(NativeMethodAccessorImpl.java:62)
	at sun.reflect.DelegatingMethodAccessorImpl.invoke(DelegatingMethodAccessorImpl.java:43)
	at java.lang.reflect.Method.invoke(Method.java:497)
	at org.springframework.web.method.support.InvocableHandlerMethod.doInvoke(InvocableHandlerMethod.java:221)
	at org.springframework.web.method.support.InvocableHandlerMethod.invokeForRequest(InvocableHandlerMethod.java:136)
	at org.springframework.web.servlet.mvc.method.annotation.ServletInvocableHandlerMethod.invokeAndHandle(ServletInvocableHandlerMethod.java:114)
	at org.springframework.web.servlet.mvc.method.annotation.RequestMappingHandlerAdapter.invokeHandlerMethod(RequestMappingHandlerAdapter.java:827)
	at org.springframework.web.servlet.mvc.method.annotation.RequestMappingHandlerAdapter.handleInternal(RequestMappingHandlerAdapter.java:738)
	at org.springframework.web.servlet.mvc.method.AbstractHandlerMethodAdapter.handle(AbstractHandlerMethodAdapter.java:85)
	at org.springframework.web.servlet.DispatcherServlet.doDispatch(DispatcherServlet.java:963)
	at org.springframework.web.servlet.DispatcherServlet.doService(DispatcherServlet.java:897)
	at org.springframework.web.servlet.FrameworkServlet.processRequest(FrameworkServlet.java:970)
	at org.springframework.web.servlet.FrameworkServlet.doPut(FrameworkServlet.java:883)
	at javax.servlet.http.HttpServlet.service(HttpServlet.java:710)
	at org.springframework.web.servlet.FrameworkServlet.service(FrameworkServlet.java:846)
	at javax.servlet.http.HttpServlet.service(HttpServlet.java:790)
	at org.eclipse.jetty.servlet.ServletHolder.handle(ServletHolder.java:812)
	at org.eclipse.jetty.servlet.ServletHandler.doHandle(ServletHandler.java:587)
	at org.eclipse.jetty.server.handler.ScopedHandler.handle(ScopedHandler.java:143)
	at org.eclipse.jetty.security.SecurityHandler.handle(SecurityHandler.java:577)
	at org.eclipse.jetty.server.session.SessionHandler.doHandle(SessionHandler.java:223)
	at org.eclipse.jetty.server.handler.ContextHandler.doHandle(ContextHandler.java:1127)
	at org.eclipse.jetty.servlet.ServletHandler.doScope(ServletHandler.java:515)
	at org.eclipse.jetty.server.session.SessionHandler.doScope(SessionHandler.java:185)
	at org.eclipse.jetty.server.handler.ContextHandler.doScope(ContextHandler.java:1061)
	at org.eclipse.jetty.server.handler.ScopedHandler.handle(ScopedHandler.java:141)
	at org.eclipse.jetty.server.handler.ContextHandlerCollection.handle(ContextHandlerCollection.java:215)
	at org.eclipse.jetty.server.handler.HandlerWrapper.handle(HandlerWrapper.java:97)
	at org.eclipse.jetty.server.Server.handle(Server.java:499)
	at org.eclipse.jetty.server.HttpChannel.handle(HttpChannel.java:311)
	at org.eclipse.jetty.server.HttpConnection.onFillable(HttpConnection.java:257)
	at org.eclipse.jetty.io.AbstractConnection$2.run(AbstractConnection.java:544)
	at org.eclipse.jetty.util.thread.QueuedThreadPool.runJob(QueuedThreadPool.java:635)
	at org.eclipse.jetty.util.thread.QueuedThreadPool$3.run(QueuedThreadPool.java:555)
	at java.lang.Thread.run(Thread.java:745)
Caused by: java.net.ConnectException: Connection refused
	at java.net.PlainSocketImpl.socketConnect(Native Method)
	at java.net.AbstractPlainSocketImpl.doConnect(AbstractPlainSocketImpl.java:350)
	at java.net.AbstractPlainSocketImpl.connectToAddress(AbstractPlainSocketImpl.java:206)
	at java.net.AbstractPlainSocketImpl.connect(AbstractPlainSocketImpl.java:188)
	at java.net.SocksSocketImpl.connect(SocksSocketImpl.java:392)
	at java.net.Socket.connect(Socket.java:589)
	at org.apache.activemq.transport.tcp.TcpTransport.connect(TcpTransport.java:504)
	at org.apache.activemq.transport.tcp.TcpTransport.doStart(TcpTransport.java:467)
	at org.apache.activemq.util.ServiceSupport.start(ServiceSupport.java:55)
	at org.apache.activemq.transport.AbstractInactivityMonitor.start(AbstractInactivityMonitor.java:132)
	at org.apache.activemq.transport.TransportFilter.start(TransportFilter.java:58)
	at org.apache.activemq.transport.WireFormatNegotiator.start(WireFormatNegotiator.java:72)
	at org.apache.activemq.transport.TransportFilter.start(TransportFilter.java:58)
	at org.apache.activemq.transport.TransportFilter.start(TransportFilter.java:58)
	at org.apache.activemq.ActiveMQConnectionFactory.createActiveMQConnection(ActiveMQConnectionFactory.java:273)
	... 39 more
TRACE - Send data hello
INFO - Closing WebApplicationContext for namespace 'dispatcher-servlet': startup date [Sun Aug 21 04:31:02 GMT 2016]; parent: Root WebApplicationContext
INFO - Closing Root WebApplicationContext: startup date [Sun Aug 21 04:30:57 GMT 2016]; root of context hierarchy
INFO - Root WebApplicationContext: initialization started
INFO - Refreshing Root WebApplicationContext: startup date [Sun Aug 21 04:36:07 GMT 2016]; root of context hierarchy
INFO - Registering annotated classes: [class com.dikzz.service.configuration.ApplicationConfiguration]
INFO - Application Service is being started
INFO - Root WebApplicationContext: initialization completed in 429 ms
INFO - FrameworkServlet 'dispatcher': initialization started
INFO - Refreshing WebApplicationContext for namespace 'dispatcher-servlet': startup date [Sun Aug 21 04:36:08 GMT 2016]; parent: Root WebApplicationContext
INFO - Registering annotated classes: [class com.dikzz.service.configuration.WebConfiguration]
INFO - Mapped "{[/jobs],methods=[PUT],consumes=[text/plain]}" onto public void com.dikzz.service.endpoints.JobEndpoint.put(java.lang.String)
INFO - Looking for @ControllerAdvice: WebApplicationContext for namespace 'dispatcher-servlet': startup date [Sun Aug 21 04:36:08 GMT 2016]; parent: Root WebApplicationContext
INFO - FrameworkServlet 'dispatcher': initialization completed in 446 ms
INFO - Closing WebApplicationContext for namespace 'dispatcher-servlet': startup date [Sun Aug 21 04:36:08 GMT 2016]; parent: Root WebApplicationContext
INFO - Closing Root WebApplicationContext: startup date [Sun Aug 21 04:36:07 GMT 2016]; root of context hierarchy
INFO - Root WebApplicationContext: initialization started
INFO - Refreshing Root WebApplicationContext: startup date [Sun Aug 21 04:36:15 GMT 2016]; root of context hierarchy
INFO - Registering annotated classes: [class com.dikzz.service.configuration.ApplicationConfiguration]
INFO - Application Service is being started
INFO - Root WebApplicationContext: initialization completed in 447 ms
INFO - FrameworkServlet 'dispatcher': initialization started
INFO - Refreshing WebApplicationContext for namespace 'dispatcher-servlet': startup date [Sun Aug 21 04:36:16 GMT 2016]; parent: Root WebApplicationContext
INFO - Registering annotated classes: [class com.dikzz.service.configuration.WebConfiguration]
INFO - Mapped "{[/jobs],methods=[PUT],consumes=[text/plain]}" onto public void com.dikzz.service.endpoints.JobEndpoint.put(java.lang.String)
INFO - Looking for @ControllerAdvice: WebApplicationContext for namespace 'dispatcher-servlet': startup date [Sun Aug 21 04:36:16 GMT 2016]; parent: Root WebApplicationContext
INFO - FrameworkServlet 'dispatcher': initialization completed in 490 ms
TRACE - Send data hello
INFO - Root WebApplicationContext: initialization started
INFO - Refreshing Root WebApplicationContext: startup date [Sun Aug 21 18:05:51 GMT 2016]; root of context hierarchy
INFO - Registering annotated classes: [class com.dikzz.service.configuration.ApplicationConfiguration]
INFO - Application Service is being started
INFO - Root WebApplicationContext: initialization completed in 10672 ms
INFO - FrameworkServlet 'dispatcher': initialization started
INFO - Refreshing WebApplicationContext for namespace 'dispatcher-servlet': startup date [Sun Aug 21 18:06:02 GMT 2016]; parent: Root WebApplicationContext
INFO - Registering annotated classes: [class com.dikzz.service.configuration.WebConfiguration]
INFO - Mapped "{[/jobs],methods=[PUT],consumes=[text/plain]}" onto public void com.dikzz.service.endpoints.JobEndpoint.put(java.lang.String)
INFO - Looking for @ControllerAdvice: WebApplicationContext for namespace 'dispatcher-servlet': startup date [Sun Aug 21 18:06:02 GMT 2016]; parent: Root WebApplicationContext
INFO - FrameworkServlet 'dispatcher': initialization completed in 3147 ms
TRACE - Send data ggg
ERROR - Cannot put 
javax.jms.JMSException: Could not connect to broker URL: tcp://localhost:61616. Reason: java.net.ConnectException: Connection refused
	at org.apache.activemq.util.JMSExceptionSupport.create(JMSExceptionSupport.java:35)
	at org.apache.activemq.ActiveMQConnectionFactory.createActiveMQConnection(ActiveMQConnectionFactory.java:293)
	at org.apache.activemq.ActiveMQConnectionFactory.createActiveMQConnection(ActiveMQConnectionFactory.java:238)
	at org.apache.activemq.ActiveMQConnectionFactory.createConnection(ActiveMQConnectionFactory.java:184)
	at com.dikzz.service.endpoints.JobEndpoint.put(JobEndpoint.java:37)
	at sun.reflect.NativeMethodAccessorImpl.invoke0(Native Method)
	at sun.reflect.NativeMethodAccessorImpl.invoke(NativeMethodAccessorImpl.java:62)
	at sun.reflect.DelegatingMethodAccessorImpl.invoke(DelegatingMethodAccessorImpl.java:43)
	at java.lang.reflect.Method.invoke(Method.java:497)
	at org.springframework.web.method.support.InvocableHandlerMethod.doInvoke(InvocableHandlerMethod.java:221)
	at org.springframework.web.method.support.InvocableHandlerMethod.invokeForRequest(InvocableHandlerMethod.java:136)
	at org.springframework.web.servlet.mvc.method.annotation.ServletInvocableHandlerMethod.invokeAndHandle(ServletInvocableHandlerMethod.java:114)
	at org.springframework.web.servlet.mvc.method.annotation.RequestMappingHandlerAdapter.invokeHandlerMethod(RequestMappingHandlerAdapter.java:827)
	at org.springframework.web.servlet.mvc.method.annotation.RequestMappingHandlerAdapter.handleInternal(RequestMappingHandlerAdapter.java:738)
	at org.springframework.web.servlet.mvc.method.AbstractHandlerMethodAdapter.handle(AbstractHandlerMethodAdapter.java:85)
	at org.springframework.web.servlet.DispatcherServlet.doDispatch(DispatcherServlet.java:963)
	at org.springframework.web.servlet.DispatcherServlet.doService(DispatcherServlet.java:897)
	at org.springframework.web.servlet.FrameworkServlet.processRequest(FrameworkServlet.java:970)
	at org.springframework.web.servlet.FrameworkServlet.doPut(FrameworkServlet.java:883)
	at javax.servlet.http.HttpServlet.service(HttpServlet.java:710)
	at org.springframework.web.servlet.FrameworkServlet.service(FrameworkServlet.java:846)
	at javax.servlet.http.HttpServlet.service(HttpServlet.java:790)
	at org.eclipse.jetty.servlet.ServletHolder.handle(ServletHolder.java:812)
	at org.eclipse.jetty.servlet.ServletHandler.doHandle(ServletHandler.java:587)
	at org.eclipse.jetty.server.handler.ScopedHandler.handle(ScopedHandler.java:143)
	at org.eclipse.jetty.security.SecurityHandler.handle(SecurityHandler.java:577)
	at org.eclipse.jetty.server.session.SessionHandler.doHandle(SessionHandler.java:223)
	at org.eclipse.jetty.server.handler.ContextHandler.doHandle(ContextHandler.java:1127)
	at org.eclipse.jetty.servlet.ServletHandler.doScope(ServletHandler.java:515)
	at org.eclipse.jetty.server.session.SessionHandler.doScope(SessionHandler.java:185)
	at org.eclipse.jetty.server.handler.ContextHandler.doScope(ContextHandler.java:1061)
	at org.eclipse.jetty.server.handler.ScopedHandler.handle(ScopedHandler.java:141)
	at org.eclipse.jetty.server.handler.ContextHandlerCollection.handle(ContextHandlerCollection.java:215)
	at org.eclipse.jetty.server.handler.HandlerWrapper.handle(HandlerWrapper.java:97)
	at org.eclipse.jetty.server.Server.handle(Server.java:499)
	at org.eclipse.jetty.server.HttpChannel.handle(HttpChannel.java:311)
	at org.eclipse.jetty.server.HttpConnection.onFillable(HttpConnection.java:257)
	at org.eclipse.jetty.io.AbstractConnection$2.run(AbstractConnection.java:544)
	at org.eclipse.jetty.util.thread.QueuedThreadPool.runJob(QueuedThreadPool.java:635)
	at org.eclipse.jetty.util.thread.QueuedThreadPool$3.run(QueuedThreadPool.java:555)
	at java.lang.Thread.run(Thread.java:745)
Caused by: java.net.ConnectException: Connection refused
	at java.net.PlainSocketImpl.socketConnect(Native Method)
	at java.net.AbstractPlainSocketImpl.doConnect(AbstractPlainSocketImpl.java:350)
	at java.net.AbstractPlainSocketImpl.connectToAddress(AbstractPlainSocketImpl.java:206)
	at java.net.AbstractPlainSocketImpl.connect(AbstractPlainSocketImpl.java:188)
	at java.net.SocksSocketImpl.connect(SocksSocketImpl.java:392)
	at java.net.Socket.connect(Socket.java:589)
	at org.apache.activemq.transport.tcp.TcpTransport.connect(TcpTransport.java:504)
	at org.apache.activemq.transport.tcp.TcpTransport.doStart(TcpTransport.java:467)
	at org.apache.activemq.util.ServiceSupport.start(ServiceSupport.java:55)
	at org.apache.activemq.transport.AbstractInactivityMonitor.start(AbstractInactivityMonitor.java:132)
	at org.apache.activemq.transport.TransportFilter.start(TransportFilter.java:58)
	at org.apache.activemq.transport.WireFormatNegotiator.start(WireFormatNegotiator.java:72)
	at org.apache.activemq.transport.TransportFilter.start(TransportFilter.java:58)
	at org.apache.activemq.transport.TransportFilter.start(TransportFilter.java:58)
	at org.apache.activemq.ActiveMQConnectionFactory.createActiveMQConnection(ActiveMQConnectionFactory.java:273)
	... 39 more
TRACE - Send data ggg
ERROR - Cannot put 
javax.jms.JMSException: Could not connect to broker URL: tcp://localhost:61616. Reason: java.net.ConnectException: Connection refused
	at org.apache.activemq.util.JMSExceptionSupport.create(JMSExceptionSupport.java:35)
	at org.apache.activemq.ActiveMQConnectionFactory.createActiveMQConnection(ActiveMQConnectionFactory.java:293)
	at org.apache.activemq.ActiveMQConnectionFactory.createActiveMQConnection(ActiveMQConnectionFactory.java:238)
	at org.apache.activemq.ActiveMQConnectionFactory.createConnection(ActiveMQConnectionFactory.java:184)
	at com.dikzz.service.endpoints.JobEndpoint.put(JobEndpoint.java:37)
	at sun.reflect.NativeMethodAccessorImpl.invoke0(Native Method)
	at sun.reflect.NativeMethodAccessorImpl.invoke(NativeMethodAccessorImpl.java:62)
	at sun.reflect.DelegatingMethodAccessorImpl.invoke(DelegatingMethodAccessorImpl.java:43)
	at java.lang.reflect.Method.invoke(Method.java:497)
	at org.springframework.web.method.support.InvocableHandlerMethod.doInvoke(InvocableHandlerMethod.java:221)
	at org.springframework.web.method.support.InvocableHandlerMethod.invokeForRequest(InvocableHandlerMethod.java:136)
	at org.springframework.web.servlet.mvc.method.annotation.ServletInvocableHandlerMethod.invokeAndHandle(ServletInvocableHandlerMethod.java:114)
	at org.springframework.web.servlet.mvc.method.annotation.RequestMappingHandlerAdapter.invokeHandlerMethod(RequestMappingHandlerAdapter.java:827)
	at org.springframework.web.servlet.mvc.method.annotation.RequestMappingHandlerAdapter.handleInternal(RequestMappingHandlerAdapter.java:738)
	at org.springframework.web.servlet.mvc.method.AbstractHandlerMethodAdapter.handle(AbstractHandlerMethodAdapter.java:85)
	at org.springframework.web.servlet.DispatcherServlet.doDispatch(DispatcherServlet.java:963)
	at org.springframework.web.servlet.DispatcherServlet.doService(DispatcherServlet.java:897)
	at org.springframework.web.servlet.FrameworkServlet.processRequest(FrameworkServlet.java:970)
	at org.springframework.web.servlet.FrameworkServlet.doPut(FrameworkServlet.java:883)
	at javax.servlet.http.HttpServlet.service(HttpServlet.java:710)
	at org.springframework.web.servlet.FrameworkServlet.service(FrameworkServlet.java:846)
	at javax.servlet.http.HttpServlet.service(HttpServlet.java:790)
	at org.eclipse.jetty.servlet.ServletHolder.handle(ServletHolder.java:812)
	at org.eclipse.jetty.servlet.ServletHandler.doHandle(ServletHandler.java:587)
	at org.eclipse.jetty.server.handler.ScopedHandler.handle(ScopedHandler.java:143)
	at org.eclipse.jetty.security.SecurityHandler.handle(SecurityHandler.java:577)
	at org.eclipse.jetty.server.session.SessionHandler.doHandle(SessionHandler.java:223)
	at org.eclipse.jetty.server.handler.ContextHandler.doHandle(ContextHandler.java:1127)
	at org.eclipse.jetty.servlet.ServletHandler.doScope(ServletHandler.java:515)
	at org.eclipse.jetty.server.session.SessionHandler.doScope(SessionHandler.java:185)
	at org.eclipse.jetty.server.handler.ContextHandler.doScope(ContextHandler.java:1061)
	at org.eclipse.jetty.server.handler.ScopedHandler.handle(ScopedHandler.java:141)
	at org.eclipse.jetty.server.handler.ContextHandlerCollection.handle(ContextHandlerCollection.java:215)
	at org.eclipse.jetty.server.handler.HandlerWrapper.handle(HandlerWrapper.java:97)
	at org.eclipse.jetty.server.Server.handle(Server.java:499)
	at org.eclipse.jetty.server.HttpChannel.handle(HttpChannel.java:311)
	at org.eclipse.jetty.server.HttpConnection.onFillable(HttpConnection.java:257)
	at org.eclipse.jetty.io.AbstractConnection$2.run(AbstractConnection.java:544)
	at org.eclipse.jetty.util.thread.QueuedThreadPool.runJob(QueuedThreadPool.java:635)
	at org.eclipse.jetty.util.thread.QueuedThreadPool$3.run(QueuedThreadPool.java:555)
	at java.lang.Thread.run(Thread.java:745)
Caused by: java.net.ConnectException: Connection refused
	at java.net.PlainSocketImpl.socketConnect(Native Method)
	at java.net.AbstractPlainSocketImpl.doConnect(AbstractPlainSocketImpl.java:350)
	at java.net.AbstractPlainSocketImpl.connectToAddress(AbstractPlainSocketImpl.java:206)
	at java.net.AbstractPlainSocketImpl.connect(AbstractPlainSocketImpl.java:188)
	at java.net.SocksSocketImpl.connect(SocksSocketImpl.java:392)
	at java.net.Socket.connect(Socket.java:589)
	at org.apache.activemq.transport.tcp.TcpTransport.connect(TcpTransport.java:504)
	at org.apache.activemq.transport.tcp.TcpTransport.doStart(TcpTransport.java:467)
	at org.apache.activemq.util.ServiceSupport.start(ServiceSupport.java:55)
	at org.apache.activemq.transport.AbstractInactivityMonitor.start(AbstractInactivityMonitor.java:132)
	at org.apache.activemq.transport.TransportFilter.start(TransportFilter.java:58)
	at org.apache.activemq.transport.WireFormatNegotiator.start(WireFormatNegotiator.java:72)
	at org.apache.activemq.transport.TransportFilter.start(TransportFilter.java:58)
	at org.apache.activemq.transport.TransportFilter.start(TransportFilter.java:58)
	at org.apache.activemq.ActiveMQConnectionFactory.createActiveMQConnection(ActiveMQConnectionFactory.java:273)
	... 39 more
INFO - Root WebApplicationContext: initialization started
INFO - Refreshing Root WebApplicationContext: startup date [Sun Aug 21 18:46:32 GMT 2016]; root of context hierarchy
INFO - Registering annotated classes: [class com.dikzz.service.configuration.ApplicationConfiguration]
INFO - Application Service is being started
INFO - Root WebApplicationContext: initialization completed in 893 ms
INFO - FrameworkServlet 'dispatcher': initialization started
INFO - Refreshing WebApplicationContext for namespace 'dispatcher-servlet': startup date [Sun Aug 21 18:46:33 GMT 2016]; parent: Root WebApplicationContext
INFO - Registering annotated classes: [class com.dikzz.service.configuration.WebConfiguration]
INFO - Mapped "{[/jobs],methods=[PUT],consumes=[text/plain]}" onto public void com.dikzz.service.endpoints.JobEndpoint.put(java.lang.String)
INFO - Looking for @ControllerAdvice: WebApplicationContext for namespace 'dispatcher-servlet': startup date [Sun Aug 21 18:46:33 GMT 2016]; parent: Root WebApplicationContext
INFO - FrameworkServlet 'dispatcher': initialization completed in 1351 ms
TRACE - Send data Yes
INFO - Successfully connected to tcp://localhost:61616
